<?xml version="1.0" encoding="UTF-8"?>
<testsuite name="dao.Sql2oUsersDaoTest" tests="4" skipped="0" failures="0" errors="0" timestamp="2020-07-23T05:53:58" hostname="maureenbett-HP-EliteBook-8470p" time="2.774">
  <properties/>
  <testcase name="addingUserToDbSetsUserId" classname="dao.Sql2oUsersDaoTest" time="1.873"/>
  <testcase name="addedUserIsReturnedCorrectly" classname="dao.Sql2oUsersDaoTest" time="0.272"/>
  <testcase name="getDepartmentsUserIsIn" classname="dao.Sql2oUsersDaoTest" time="0.489"/>
  <testcase name="allInstancesAreReturned" classname="dao.Sql2oUsersDaoTest" time="0.135"/>
  <system-out><![CDATA[connected to database
clearing database
connected to database
clearing database
connected to database
clearing database
connected to database
clearing database
connection closed
]]></system-out>
  <system-err><![CDATA[]]></system-err>
</testsuite>
