<?xml version="1.0" encoding="UTF-8"?>
<testsuite name="dao.Sql2oUsersDaoTest" tests="4" skipped="0" failures="0" errors="0" timestamp="2020-07-23T17:50:41" hostname="maureenbett-HP-EliteBook-8470p" time="1.012">
  <properties/>
  <testcase name="addingUserToDbSetsUserId" classname="dao.Sql2oUsersDaoTest" time="0.418"/>
  <testcase name="addedUserIsReturnedCorrectly" classname="dao.Sql2oUsersDaoTest" time="0.161"/>
  <testcase name="getDepartmentsUserIsIn" classname="dao.Sql2oUsersDaoTest" time="0.343"/>
  <testcase name="allInstancesAreReturned" classname="dao.Sql2oUsersDaoTest" time="0.087"/>
  <system-out><![CDATA[connected to database
clearing database
connected to database
clearing database
connected to database
clearing database
connected to database
clearing database
connection closed
]]></system-out>
  <system-err><![CDATA[]]></system-err>
</testsuite>
