<?xml version="1.0" encoding="UTF-8"?>
<testsuite name="dao.Sql2oUsersDaoTest" tests="4" skipped="0" failures="0" errors="0" timestamp="2020-07-23T09:37:52" hostname="maureenbett-HP-EliteBook-8470p" time="1.805">
  <properties/>
  <testcase name="addingUserToDbSetsUserId" classname="dao.Sql2oUsersDaoTest" time="0.998"/>
  <testcase name="addedUserIsReturnedCorrectly" classname="dao.Sql2oUsersDaoTest" time="0.085"/>
  <testcase name="getDepartmentsUserIsIn" classname="dao.Sql2oUsersDaoTest" time="0.458"/>
  <testcase name="allInstancesAreReturned" classname="dao.Sql2oUsersDaoTest" time="0.262"/>
  <system-out><![CDATA[connected to database
clearing database
connected to database
clearing database
connected to database
clearing database
connected to database
clearing database
connection closed
]]></system-out>
  <system-err><![CDATA[]]></system-err>
</testsuite>
