<?xml version="1.0" encoding="UTF-8"?>
<testsuite name="dao.Sql2oNewsDaoTest" tests="4" skipped="0" failures="0" errors="0" timestamp="2020-07-22T15:48:55" hostname="maureenbett-HP-EliteBook-8470p" time="2.359">
  <properties/>
  <testcase name="getAll" classname="dao.Sql2oNewsDaoTest" time="2.085"/>
  <testcase name="addNews" classname="dao.Sql2oNewsDaoTest" time="0.12"/>
  <testcase name="findById" classname="dao.Sql2oNewsDaoTest" time="0.03"/>
  <testcase name="addDepartmentNews" classname="dao.Sql2oNewsDaoTest" time="0.122"/>
  <system-out><![CDATA[connected to database
clearing database
connected to database
clearing database
connected to database
clearing database
connected to database
clearing database
connection closed
]]></system-out>
  <system-err><![CDATA[]]></system-err>
</testsuite>
