<?xml version="1.0" encoding="UTF-8"?>
<testsuite name="dao.Sql2oNewsDaoTest" tests="4" skipped="0" failures="0" errors="0" timestamp="2020-07-23T17:50:42" hostname="maureenbett-HP-EliteBook-8470p" time="0.381">
  <properties/>
  <testcase name="getAll" classname="dao.Sql2oNewsDaoTest" time="0.136"/>
  <testcase name="addNews" classname="dao.Sql2oNewsDaoTest" time="0.1"/>
  <testcase name="findById" classname="dao.Sql2oNewsDaoTest" time="0.033"/>
  <testcase name="addDepartmentNews" classname="dao.Sql2oNewsDaoTest" time="0.111"/>
  <system-out><![CDATA[connected to database
clearing database
connected to database
clearing database
connected to database
clearing database
connected to database
clearing database
connection closed
]]></system-out>
  <system-err><![CDATA[]]></system-err>
</testsuite>
